<?xml version="1.0" encoding="UTF-8"?>
<!-- Generated by org.testng.reporters.JUnitReportReporter -->
<testsuite skipped="0" hostname="DESKTOP-GHIR5S0" name="com.mycompany.project.AppTest" tests="2" failures="0" timestamp="23 Jun 2019 15:09:55 GMT" time="153.484" errors="0">
  <testcase name="launchbrowser" time="153.482" classname="com.mycompany.project.AppTest"/>
  <testcase name="testMethod" time="0.002" classname="com.mycompany.project.AppTest"/>
</testsuite> <!-- com.mycompany.project.AppTest -->
