<?xml version="1.0" encoding="UTF-8"?>
<!-- Generated by org.testng.reporters.JUnitReportReporter -->
<testsuite skipped="0" hostname="DESKTOP-GHIR5S0" name="com.mycompany.project.AppTest" tests="1" failures="0" timestamp="13 Jun 2019 03:49:37 GMT" time="0.021" errors="0">
  <testcase name="testMethod" time="0.021" classname="com.mycompany.project.AppTest"/>
</testsuite> <!-- com.mycompany.project.AppTest -->
